<?xml version="1.0" encoding="UTF-8"?>
<!-- Generated by org.testng.reporters.JUnitReportReporter -->
<testsuite hostname="Pannu" failures="0" tests="2" name="calculatortesting.addition" time="12.662" errors="0" timestamp="16 Aug 2021 22:00:10 GMT" skipped="0">
  <testcase classname="calculatortesting.addition" name="intidriver" time="11.896"/>
  <testcase classname="calculatortesting.addition" name="navigate" time="0.766"/>
</testsuite> <!-- calculatortesting.addition -->
