<?xml version="1.0" encoding="UTF-8"?>
<!-- Generated by org.testng.reporters.JUnitReportReporter -->
<testsuite hostname="Pannu" failures="0" tests="2" name="calculatortesting.Substraction" time="7.090" errors="0" timestamp="16 Aug 2021 22:00:10 GMT" skipped="0">
  <testcase classname="calculatortesting.Substraction" name="intidriver" time="6.288"/>
  <testcase classname="calculatortesting.Substraction" name="navigate" time="0.802"/>
</testsuite> <!-- calculatortesting.Substraction -->
