<?xml version="1.0" encoding="UTF-8"?>
<!-- Generated by org.testng.reporters.JUnitReportReporter -->
<testsuite hostname="Pannu" failures="0" tests="2" name="calculatortesting.Division" time="5.188" errors="0" timestamp="16 Aug 2021 22:00:10 GMT" skipped="0">
  <testcase classname="calculatortesting.Division" name="intidriver" time="4.798"/>
  <testcase classname="calculatortesting.Division" name="navigate" time="0.390"/>
</testsuite> <!-- calculatortesting.Division -->
