<?xml version="1.0" encoding="UTF-8"?>
<!-- Generated by org.testng.reporters.JUnitReportReporter -->
<testsuite hostname="Pannu" failures="0" tests="2" name="calculatortesting.multiplication" time="5.073" errors="0" timestamp="16 Aug 2021 22:00:10 GMT" skipped="0">
  <testcase classname="calculatortesting.multiplication" name="intidriver" time="4.698"/>
  <testcase classname="calculatortesting.multiplication" name="navigate" time="0.375"/>
</testsuite> <!-- calculatortesting.multiplication -->
